<?xml version="1.0" encoding="UTF-8"?>
<!-- Generated by org.testng.reporters.JUnitReportReporter -->
<testsuite hostname="LTIN484936" failures="0" tests="4" name="com.urbanladder.runner.UrbanTestRunner" time="63.510" errors="0" timestamp="2024-05-03T16:42:49 IST" skipped="0">
  <testcase classname="com.urbanladder.runner.UrbanTestRunner" name="runScenario" time="16.268"/>
  <testcase classname="com.urbanladder.runner.UrbanTestRunner" name="runScenario" time="13.847"/>
  <testcase classname="com.urbanladder.runner.UrbanTestRunner" name="runScenario" time="8.573"/>
  <testcase classname="com.urbanladder.runner.UrbanTestRunner" name="runScenario" time="24.822"/>
</testsuite> <!-- com.urbanladder.runner.UrbanTestRunner -->
